11:51:55.220 [restartedMain] INFO  c.q.m.MESApplication - [logStarting,55] - Starting MESApplication using Java 17.0.11 on DANIEL with PID 4608 (C:\Users\75780\Desktop\歌尔\qst-mes-server-mysql\mes-admin\target\classes started by 75780 in C:\Users\75780\Desktop\歌尔\qst-mes-server-mysql)
11:51:55.225 [restartedMain] INFO  c.q.m.MESApplication - [logStartupProfileInfo,681] - The following 1 profile is active: "druid"
11:51:55.232 [background-preinit] INFO  o.h.v.i.util.Version - [<clinit>,21] - HV000001: Hibernate Validator 6.2.3.Final
11:51:57.130 [restartedMain] INFO  o.a.c.h.Http11NioProtocol - [log,173] - Initializing ProtocolHandler ["http-nio-8080"]
11:51:57.130 [restartedMain] INFO  o.a.c.c.StandardService - [log,173] - Starting service [Tomcat]
11:51:57.130 [restartedMain] INFO  o.a.c.c.StandardEngine - [log,173] - Starting Servlet engine: [Apache Tomcat/9.0.60]
11:51:57.208 [restartedMain] INFO  o.a.c.c.C.[.[.[/] - [log,173] - Initializing Spring embedded WebApplicationContext
11:51:58.531 [restartedMain] INFO  c.a.d.p.DruidDataSource - [init,998] - {dataSource-1} inited
11:52:00.519 [restartedMain] INFO  o.a.c.h.Http11NioProtocol - [log,173] - Starting ProtocolHandler ["http-nio-8080"]
11:52:00.671 [restartedMain] INFO  c.q.m.MESApplication - [logStarted,61] - Started MESApplication in 5.69 seconds (JVM running for 6.518)
11:52:00.673 [restartedMain] INFO  c.q.m.MESApplication - [main,21] - ################MES服务端启动成功################
11:52:29.439 [http-nio-8080-exec-1] INFO  o.a.c.c.C.[.[.[/] - [log,173] - Initializing Spring DispatcherServlet 'dispatcherServlet'
11:52:34.055 [schedule-pool-1] INFO  sys-user - [run,55] - [127.0.0.1]内网IP[admin][Success][登录成功]
12:01:55.649 [SpringApplicationShutdownHook] INFO  sys-user - [shutdownAsyncManager,31] - ====关闭后台任务任务线程池====
12:01:55.650 [SpringApplicationShutdownHook] INFO  c.a.d.p.DruidDataSource - [close,2071] - {dataSource-1} closing ...
12:01:55.652 [SpringApplicationShutdownHook] INFO  c.a.d.p.DruidDataSource - [close,2144] - {dataSource-1} closed
12:01:58.231 [restartedMain] INFO  c.q.m.MESApplication - [logStarting,55] - Starting MESApplication using Java 17.0.11 on DANIEL with PID 2304 (C:\Users\75780\Desktop\歌尔\qst-mes-server-mysql\mes-admin\target\classes started by 75780 in C:\Users\75780\Desktop\歌尔\qst-mes-server-mysql)
12:01:58.232 [restartedMain] INFO  c.q.m.MESApplication - [logStartupProfileInfo,681] - The following 1 profile is active: "druid"
12:01:58.234 [background-preinit] INFO  o.h.v.i.util.Version - [<clinit>,21] - HV000001: Hibernate Validator 6.2.3.Final
12:01:59.672 [restartedMain] INFO  o.a.c.h.Http11NioProtocol - [log,173] - Initializing ProtocolHandler ["http-nio-8080"]
12:01:59.673 [restartedMain] INFO  o.a.c.c.StandardService - [log,173] - Starting service [Tomcat]
12:01:59.673 [restartedMain] INFO  o.a.c.c.StandardEngine - [log,173] - Starting Servlet engine: [Apache Tomcat/9.0.60]
12:01:59.735 [restartedMain] INFO  o.a.c.c.C.[.[.[/] - [log,173] - Initializing Spring embedded WebApplicationContext
12:02:00.700 [restartedMain] INFO  c.a.d.p.DruidDataSource - [init,998] - {dataSource-1} inited
12:02:02.382 [restartedMain] INFO  o.a.c.h.Http11NioProtocol - [log,173] - Starting ProtocolHandler ["http-nio-8080"]
12:02:02.522 [restartedMain] INFO  c.q.m.MESApplication - [logStarted,61] - Started MESApplication in 4.513 seconds (JVM running for 5.021)
12:02:02.524 [restartedMain] INFO  c.q.m.MESApplication - [main,21] - ################MES服务端启动成功################
12:02:08.074 [http-nio-8080-exec-1] INFO  o.a.c.c.C.[.[.[/] - [log,173] - Initializing Spring DispatcherServlet 'dispatcherServlet'
12:10:23.401 [SpringApplicationShutdownHook] INFO  sys-user - [shutdownAsyncManager,31] - ====关闭后台任务任务线程池====
12:10:23.403 [SpringApplicationShutdownHook] INFO  c.a.d.p.DruidDataSource - [close,2071] - {dataSource-1} closing ...
12:10:23.404 [SpringApplicationShutdownHook] INFO  c.a.d.p.DruidDataSource - [close,2144] - {dataSource-1} closed
12:10:25.861 [restartedMain] INFO  c.q.m.MESApplication - [logStarting,55] - Starting MESApplication using Java 17.0.11 on DANIEL with PID 6280 (C:\Users\75780\Desktop\歌尔\qst-mes-server-mysql\mes-admin\target\classes started by 75780 in C:\Users\75780\Desktop\歌尔\qst-mes-server-mysql)
12:10:25.863 [restartedMain] INFO  c.q.m.MESApplication - [logStartupProfileInfo,681] - The following 1 profile is active: "druid"
12:10:25.865 [background-preinit] INFO  o.h.v.i.util.Version - [<clinit>,21] - HV000001: Hibernate Validator 6.2.3.Final
12:10:27.332 [restartedMain] INFO  o.a.c.h.Http11NioProtocol - [log,173] - Initializing ProtocolHandler ["http-nio-8080"]
12:10:27.332 [restartedMain] INFO  o.a.c.c.StandardService - [log,173] - Starting service [Tomcat]
12:10:27.332 [restartedMain] INFO  o.a.c.c.StandardEngine - [log,173] - Starting Servlet engine: [Apache Tomcat/9.0.60]
12:10:27.398 [restartedMain] INFO  o.a.c.c.C.[.[.[/] - [log,173] - Initializing Spring embedded WebApplicationContext
12:10:28.378 [restartedMain] INFO  c.a.d.p.DruidDataSource - [init,998] - {dataSource-1} inited
12:10:30.051 [restartedMain] INFO  o.a.c.h.Http11NioProtocol - [log,173] - Starting ProtocolHandler ["http-nio-8080"]
12:10:30.189 [restartedMain] INFO  c.q.m.MESApplication - [logStarted,61] - Started MESApplication in 4.551 seconds (JVM running for 5.05)
12:10:30.191 [restartedMain] INFO  c.q.m.MESApplication - [main,21] - ################MES服务端启动成功################
12:14:12.377 [http-nio-8080-exec-1] INFO  o.a.c.c.C.[.[.[/] - [log,173] - Initializing Spring DispatcherServlet 'dispatcherServlet'
12:19:14.722 [SpringApplicationShutdownHook] INFO  sys-user - [shutdownAsyncManager,31] - ====关闭后台任务任务线程池====
12:19:14.724 [SpringApplicationShutdownHook] INFO  c.a.d.p.DruidDataSource - [close,2071] - {dataSource-1} closing ...
12:19:14.726 [SpringApplicationShutdownHook] INFO  c.a.d.p.DruidDataSource - [close,2144] - {dataSource-1} closed
12:19:17.936 [restartedMain] INFO  c.q.m.MESApplication - [logStarting,55] - Starting MESApplication using Java 17.0.11 on DANIEL with PID 7864 (C:\Users\75780\Desktop\歌尔\qst-mes-server-mysql\mes-admin\target\classes started by 75780 in C:\Users\75780\Desktop\歌尔\qst-mes-server-mysql)
12:19:17.938 [restartedMain] INFO  c.q.m.MESApplication - [logStartupProfileInfo,681] - The following 1 profile is active: "druid"
12:19:17.942 [background-preinit] INFO  o.h.v.i.util.Version - [<clinit>,21] - HV000001: Hibernate Validator 6.2.3.Final
12:19:19.419 [restartedMain] INFO  o.a.c.h.Http11NioProtocol - [log,173] - Initializing ProtocolHandler ["http-nio-8080"]
12:19:19.419 [restartedMain] INFO  o.a.c.c.StandardService - [log,173] - Starting service [Tomcat]
12:19:19.419 [restartedMain] INFO  o.a.c.c.StandardEngine - [log,173] - Starting Servlet engine: [Apache Tomcat/9.0.60]
12:19:19.486 [restartedMain] INFO  o.a.c.c.C.[.[.[/] - [log,173] - Initializing Spring embedded WebApplicationContext
12:19:20.510 [restartedMain] INFO  c.a.d.p.DruidDataSource - [init,998] - {dataSource-1} inited
12:19:22.184 [restartedMain] INFO  o.a.c.h.Http11NioProtocol - [log,173] - Starting ProtocolHandler ["http-nio-8080"]
12:19:22.320 [restartedMain] INFO  c.q.m.MESApplication - [logStarted,61] - Started MESApplication in 4.612 seconds (JVM running for 5.116)
12:19:22.322 [restartedMain] INFO  c.q.m.MESApplication - [main,21] - ################MES服务端启动成功################
12:19:29.266 [http-nio-8080-exec-1] INFO  o.a.c.c.C.[.[.[/] - [log,173] - Initializing Spring DispatcherServlet 'dispatcherServlet'
12:28:33.101 [Thread-5] INFO  sys-user - [shutdownAsyncManager,31] - ====关闭后台任务任务线程池====
12:28:33.103 [Thread-5] INFO  c.a.d.p.DruidDataSource - [close,2071] - {dataSource-1} closing ...
12:28:33.104 [Thread-5] INFO  c.a.d.p.DruidDataSource - [close,2144] - {dataSource-1} closed
12:28:33.298 [restartedMain] INFO  c.q.m.MESApplication - [logStarting,55] - Starting MESApplication using Java 17.0.11 on DANIEL with PID 7864 (C:\Users\75780\Desktop\歌尔\qst-mes-server-mysql\mes-admin\target\classes started by 75780 in C:\Users\75780\Desktop\歌尔\qst-mes-server-mysql)
12:28:33.299 [restartedMain] INFO  c.q.m.MESApplication - [logStartupProfileInfo,681] - The following 1 profile is active: "druid"
12:28:33.847 [restartedMain] INFO  o.a.c.h.Http11NioProtocol - [log,173] - Initializing ProtocolHandler ["http-nio-8080"]
12:28:33.848 [restartedMain] INFO  o.a.c.c.StandardService - [log,173] - Starting service [Tomcat]
12:28:33.848 [restartedMain] INFO  o.a.c.c.StandardEngine - [log,173] - Starting Servlet engine: [Apache Tomcat/9.0.60]
12:28:33.867 [restartedMain] INFO  o.a.c.c.C.[.[.[/] - [log,173] - Initializing Spring embedded WebApplicationContext
12:28:34.328 [restartedMain] INFO  c.a.d.p.DruidDataSource - [init,998] - {dataSource-2} inited
12:28:35.266 [restartedMain] INFO  o.a.c.h.Http11NioProtocol - [log,173] - Starting ProtocolHandler ["http-nio-8080"]
12:28:35.319 [restartedMain] INFO  c.q.m.MESApplication - [logStarted,61] - Started MESApplication in 2.056 seconds (JVM running for 558.115)
12:28:35.320 [restartedMain] INFO  c.q.m.MESApplication - [main,21] - ################MES服务端启动成功################
12:28:39.956 [SpringApplicationShutdownHook] INFO  sys-user - [shutdownAsyncManager,31] - ====关闭后台任务任务线程池====
12:28:39.958 [SpringApplicationShutdownHook] INFO  c.a.d.p.DruidDataSource - [close,2071] - {dataSource-2} closing ...
12:28:39.959 [SpringApplicationShutdownHook] INFO  c.a.d.p.DruidDataSource - [close,2144] - {dataSource-2} closed
12:28:42.943 [restartedMain] INFO  c.q.m.MESApplication - [logStarting,55] - Starting MESApplication using Java 17.0.11 on DANIEL with PID 16928 (C:\Users\75780\Desktop\歌尔\qst-mes-server-mysql\mes-admin\target\classes started by 75780 in C:\Users\75780\Desktop\歌尔\qst-mes-server-mysql)
12:28:42.945 [restartedMain] INFO  c.q.m.MESApplication - [logStartupProfileInfo,681] - The following 1 profile is active: "druid"
12:28:42.949 [background-preinit] INFO  o.h.v.i.util.Version - [<clinit>,21] - HV000001: Hibernate Validator 6.2.3.Final
12:28:44.502 [restartedMain] INFO  o.a.c.h.Http11NioProtocol - [log,173] - Initializing ProtocolHandler ["http-nio-8080"]
12:28:44.503 [restartedMain] INFO  o.a.c.c.StandardService - [log,173] - Starting service [Tomcat]
12:28:44.503 [restartedMain] INFO  o.a.c.c.StandardEngine - [log,173] - Starting Servlet engine: [Apache Tomcat/9.0.60]
12:28:44.575 [restartedMain] INFO  o.a.c.c.C.[.[.[/] - [log,173] - Initializing Spring embedded WebApplicationContext
12:28:45.641 [restartedMain] INFO  c.a.d.p.DruidDataSource - [init,998] - {dataSource-1} inited
12:28:47.442 [restartedMain] INFO  o.a.c.h.Http11NioProtocol - [log,173] - Starting ProtocolHandler ["http-nio-8080"]
12:28:47.592 [restartedMain] INFO  c.q.m.MESApplication - [logStarted,61] - Started MESApplication in 4.902 seconds (JVM running for 5.449)
12:28:47.594 [restartedMain] INFO  c.q.m.MESApplication - [main,21] - ################MES服务端启动成功################
12:28:54.246 [http-nio-8080-exec-1] INFO  o.a.c.c.C.[.[.[/] - [log,173] - Initializing Spring DispatcherServlet 'dispatcherServlet'
12:29:57.579 [SpringApplicationShutdownHook] INFO  sys-user - [shutdownAsyncManager,31] - ====关闭后台任务任务线程池====
12:29:57.581 [SpringApplicationShutdownHook] INFO  c.a.d.p.DruidDataSource - [close,2071] - {dataSource-1} closing ...
12:29:57.584 [SpringApplicationShutdownHook] INFO  c.a.d.p.DruidDataSource - [close,2144] - {dataSource-1} closed
20:21:18.923 [restartedMain] INFO  c.q.m.MESApplication - [logStarting,55] - Starting MESApplication using Java 17.0.11 on DANIEL with PID 25228 (C:\Users\75780\Desktop\歌尔\qst-mes-server-mysql\mes-admin\target\classes started by 75780 in C:\Users\75780\Desktop\歌尔\qst-mes-server-mysql)
20:21:18.925 [restartedMain] INFO  c.q.m.MESApplication - [logStartupProfileInfo,681] - The following 1 profile is active: "druid"
20:21:18.929 [background-preinit] INFO  o.h.v.i.util.Version - [<clinit>,21] - HV000001: Hibernate Validator 6.2.3.Final
20:21:20.432 [restartedMain] INFO  o.a.c.h.Http11NioProtocol - [log,173] - Initializing ProtocolHandler ["http-nio-8080"]
20:21:20.432 [restartedMain] INFO  o.a.c.c.StandardService - [log,173] - Starting service [Tomcat]
20:21:20.432 [restartedMain] INFO  o.a.c.c.StandardEngine - [log,173] - Starting Servlet engine: [Apache Tomcat/9.0.60]
20:21:20.506 [restartedMain] INFO  o.a.c.c.C.[.[.[/] - [log,173] - Initializing Spring embedded WebApplicationContext
20:21:21.594 [restartedMain] INFO  c.a.d.p.DruidDataSource - [init,998] - {dataSource-1} inited
20:21:23.648 [restartedMain] INFO  o.a.c.h.Http11NioProtocol - [log,173] - Starting ProtocolHandler ["http-nio-8080"]
20:21:23.809 [restartedMain] INFO  c.q.m.MESApplication - [logStarted,61] - Started MESApplication in 5.121 seconds (JVM running for 5.725)
20:21:23.811 [restartedMain] INFO  c.q.m.MESApplication - [main,21] - ################MES服务端启动成功################
20:21:25.812 [http-nio-8080-exec-1] INFO  o.a.c.c.C.[.[.[/] - [log,173] - Initializing Spring DispatcherServlet 'dispatcherServlet'
20:23:05.466 [SpringApplicationShutdownHook] INFO  sys-user - [shutdownAsyncManager,31] - ====关闭后台任务任务线程池====
20:23:05.468 [SpringApplicationShutdownHook] INFO  c.a.d.p.DruidDataSource - [close,2071] - {dataSource-1} closing ...
20:23:05.470 [SpringApplicationShutdownHook] INFO  c.a.d.p.DruidDataSource - [close,2144] - {dataSource-1} closed
20:23:08.962 [restartedMain] INFO  c.q.m.MESApplication - [logStarting,55] - Starting MESApplication using Java 17.0.11 on DANIEL with PID 14656 (C:\Users\75780\Desktop\歌尔\qst-mes-server-mysql\mes-admin\target\classes started by 75780 in C:\Users\75780\Desktop\歌尔\qst-mes-server-mysql)
20:23:08.964 [restartedMain] INFO  c.q.m.MESApplication - [logStartupProfileInfo,681] - The following 1 profile is active: "druid"
20:23:08.968 [background-preinit] INFO  o.h.v.i.util.Version - [<clinit>,21] - HV000001: Hibernate Validator 6.2.3.Final
20:23:10.449 [restartedMain] INFO  o.a.c.h.Http11NioProtocol - [log,173] - Initializing ProtocolHandler ["http-nio-8080"]
20:23:10.449 [restartedMain] INFO  o.a.c.c.StandardService - [log,173] - Starting service [Tomcat]
20:23:10.449 [restartedMain] INFO  o.a.c.c.StandardEngine - [log,173] - Starting Servlet engine: [Apache Tomcat/9.0.60]
20:23:10.521 [restartedMain] INFO  o.a.c.c.C.[.[.[/] - [log,173] - Initializing Spring embedded WebApplicationContext
20:23:11.512 [restartedMain] INFO  c.a.d.p.DruidDataSource - [init,998] - {dataSource-1} inited
20:23:13.207 [restartedMain] INFO  o.a.c.h.Http11NioProtocol - [log,173] - Starting ProtocolHandler ["http-nio-8080"]
20:23:13.356 [restartedMain] INFO  c.q.m.MESApplication - [logStarted,61] - Started MESApplication in 4.619 seconds (JVM running for 5.124)
20:23:13.358 [restartedMain] INFO  c.q.m.MESApplication - [main,21] - ################MES服务端启动成功################
20:23:17.765 [http-nio-8080-exec-5] INFO  o.a.c.c.C.[.[.[/] - [log,173] - Initializing Spring DispatcherServlet 'dispatcherServlet'
20:24:51.299 [SpringApplicationShutdownHook] INFO  sys-user - [shutdownAsyncManager,31] - ====关闭后台任务任务线程池====
20:24:51.301 [SpringApplicationShutdownHook] INFO  c.a.d.p.DruidDataSource - [close,2071] - {dataSource-1} closing ...
20:24:51.303 [SpringApplicationShutdownHook] INFO  c.a.d.p.DruidDataSource - [close,2144] - {dataSource-1} closed
00:29:01.235 [restartedMain] INFO  c.q.m.MESApplication - [logStarting,55] - Starting MESApplication using Java 17.0.11 on DANIEL with PID 24232 (C:\Users\75780\Desktop\歌尔\qst-mes-server-mysql\mes-admin\target\classes started by 75780 in C:\Users\75780\Desktop\歌尔\qst-mes-server-mysql)
00:29:01.237 [restartedMain] INFO  c.q.m.MESApplication - [logStartupProfileInfo,681] - The following 1 profile is active: "druid"
00:29:01.239 [background-preinit] INFO  o.h.v.i.util.Version - [<clinit>,21] - HV000001: Hibernate Validator 6.2.3.Final
00:29:02.782 [restartedMain] INFO  o.a.c.h.Http11NioProtocol - [log,173] - Initializing ProtocolHandler ["http-nio-8080"]
00:29:02.783 [restartedMain] INFO  o.a.c.c.StandardService - [log,173] - Starting service [Tomcat]
00:29:02.783 [restartedMain] INFO  o.a.c.c.StandardEngine - [log,173] - Starting Servlet engine: [Apache Tomcat/9.0.60]
00:29:02.853 [restartedMain] INFO  o.a.c.c.C.[.[.[/] - [log,173] - Initializing Spring embedded WebApplicationContext
00:29:03.929 [restartedMain] INFO  c.a.d.p.DruidDataSource - [init,998] - {dataSource-1} inited
00:29:05.749 [restartedMain] INFO  o.a.c.h.Http11NioProtocol - [log,173] - Starting ProtocolHandler ["http-nio-8080"]
00:29:05.894 [restartedMain] INFO  c.q.m.MESApplication - [logStarted,61] - Started MESApplication in 4.896 seconds (JVM running for 5.548)
00:29:05.896 [restartedMain] INFO  c.q.m.MESApplication - [main,21] - ################MES服务端启动成功################
00:29:08.548 [http-nio-8080-exec-1] INFO  o.a.c.c.C.[.[.[/] - [log,173] - Initializing Spring DispatcherServlet 'dispatcherServlet'
00:31:35.765 [Thread-5] INFO  sys-user - [shutdownAsyncManager,31] - ====关闭后台任务任务线程池====
00:31:35.768 [Thread-5] INFO  c.a.d.p.DruidDataSource - [close,2071] - {dataSource-1} closing ...
00:31:35.773 [Thread-5] INFO  c.a.d.p.DruidDataSource - [close,2144] - {dataSource-1} closed
00:31:35.987 [restartedMain] INFO  c.q.m.MESApplication - [logStarting,55] - Starting MESApplication using Java 17.0.11 on DANIEL with PID 24232 (C:\Users\75780\Desktop\歌尔\qst-mes-server-mysql\mes-admin\target\classes started by 75780 in C:\Users\75780\Desktop\歌尔\qst-mes-server-mysql)
00:31:35.987 [restartedMain] INFO  c.q.m.MESApplication - [logStartupProfileInfo,681] - The following 1 profile is active: "druid"
00:31:36.672 [restartedMain] INFO  o.a.c.h.Http11NioProtocol - [log,173] - Initializing ProtocolHandler ["http-nio-8080"]
00:31:36.672 [restartedMain] INFO  o.a.c.c.StandardService - [log,173] - Starting service [Tomcat]
00:31:36.672 [restartedMain] INFO  o.a.c.c.StandardEngine - [log,173] - Starting Servlet engine: [Apache Tomcat/9.0.60]
00:31:36.693 [restartedMain] INFO  o.a.c.c.C.[.[.[/] - [log,173] - Initializing Spring embedded WebApplicationContext
00:31:37.184 [restartedMain] INFO  c.a.d.p.DruidDataSource - [init,998] - {dataSource-2} inited
00:31:38.191 [restartedMain] INFO  o.a.c.h.Http11NioProtocol - [log,173] - Starting ProtocolHandler ["http-nio-8080"]
00:31:38.248 [restartedMain] INFO  c.q.m.MESApplication - [logStarted,61] - Started MESApplication in 2.3 seconds (JVM running for 157.901)
00:31:38.249 [restartedMain] INFO  c.q.m.MESApplication - [main,21] - ################MES服务端启动成功################
00:32:22.835 [Thread-8] INFO  sys-user - [shutdownAsyncManager,31] - ====关闭后台任务任务线程池====
00:32:22.837 [Thread-8] INFO  c.a.d.p.DruidDataSource - [close,2071] - {dataSource-2} closing ...
00:32:22.838 [Thread-8] INFO  c.a.d.p.DruidDataSource - [close,2144] - {dataSource-2} closed
00:32:23.022 [restartedMain] INFO  c.q.m.MESApplication - [logStarting,55] - Starting MESApplication using Java 17.0.11 on DANIEL with PID 24232 (C:\Users\75780\Desktop\歌尔\qst-mes-server-mysql\mes-admin\target\classes started by 75780 in C:\Users\75780\Desktop\歌尔\qst-mes-server-mysql)
00:32:23.022 [restartedMain] INFO  c.q.m.MESApplication - [logStartupProfileInfo,681] - The following 1 profile is active: "druid"
00:33:01.594 [restartedMain] INFO  c.q.m.MESApplication - [logStarting,55] - Starting MESApplication using Java 17.0.11 on DANIEL with PID 24232 (C:\Users\75780\Desktop\歌尔\qst-mes-server-mysql\mes-admin\target\classes started by 75780 in C:\Users\75780\Desktop\歌尔\qst-mes-server-mysql)
00:33:01.594 [restartedMain] INFO  c.q.m.MESApplication - [logStartupProfileInfo,681] - The following 1 profile is active: "druid"
00:33:02.260 [restartedMain] INFO  o.a.c.h.Http11NioProtocol - [log,173] - Initializing ProtocolHandler ["http-nio-8080"]
00:33:02.260 [restartedMain] INFO  o.a.c.c.StandardService - [log,173] - Starting service [Tomcat]
00:33:02.260 [restartedMain] INFO  o.a.c.c.StandardEngine - [log,173] - Starting Servlet engine: [Apache Tomcat/9.0.60]
00:33:02.283 [restartedMain] INFO  o.a.c.c.C.[.[.[/] - [log,173] - Initializing Spring embedded WebApplicationContext
00:33:02.760 [restartedMain] INFO  c.a.d.p.DruidDataSource - [init,998] - {dataSource-3} inited
00:33:03.775 [restartedMain] INFO  o.a.c.h.Http11NioProtocol - [log,173] - Starting ProtocolHandler ["http-nio-8080"]
00:33:03.835 [restartedMain] INFO  c.q.m.MESApplication - [logStarted,61] - Started MESApplication in 2.269 seconds (JVM running for 243.488)
00:33:03.836 [restartedMain] INFO  c.q.m.MESApplication - [main,21] - ################MES服务端启动成功################
00:33:28.481 [Thread-13] INFO  sys-user - [shutdownAsyncManager,31] - ====关闭后台任务任务线程池====
00:33:28.482 [Thread-13] INFO  c.a.d.p.DruidDataSource - [close,2071] - {dataSource-3} closing ...
00:33:28.484 [Thread-13] INFO  c.a.d.p.DruidDataSource - [close,2144] - {dataSource-3} closed
00:33:28.669 [restartedMain] INFO  c.q.m.MESApplication - [logStarting,55] - Starting MESApplication using Java 17.0.11 on DANIEL with PID 24232 (C:\Users\75780\Desktop\歌尔\qst-mes-server-mysql\mes-admin\target\classes started by 75780 in C:\Users\75780\Desktop\歌尔\qst-mes-server-mysql)
00:33:28.669 [restartedMain] INFO  c.q.m.MESApplication - [logStartupProfileInfo,681] - The following 1 profile is active: "druid"
00:33:29.288 [restartedMain] INFO  o.a.c.h.Http11NioProtocol - [log,173] - Initializing ProtocolHandler ["http-nio-8080"]
00:33:29.288 [restartedMain] INFO  o.a.c.c.StandardService - [log,173] - Starting service [Tomcat]
00:33:29.288 [restartedMain] INFO  o.a.c.c.StandardEngine - [log,173] - Starting Servlet engine: [Apache Tomcat/9.0.60]
00:33:29.310 [restartedMain] INFO  o.a.c.c.C.[.[.[/] - [log,173] - Initializing Spring embedded WebApplicationContext
00:33:29.780 [restartedMain] INFO  c.a.d.p.DruidDataSource - [init,998] - {dataSource-4} inited
00:33:30.777 [restartedMain] INFO  o.a.c.h.Http11NioProtocol - [log,173] - Starting ProtocolHandler ["http-nio-8080"]
00:33:30.827 [restartedMain] INFO  c.q.m.MESApplication - [logStarted,61] - Started MESApplication in 2.187 seconds (JVM running for 270.48)
00:33:30.828 [restartedMain] INFO  c.q.m.MESApplication - [main,21] - ################MES服务端启动成功################
00:34:22.710 [Thread-20] INFO  sys-user - [shutdownAsyncManager,31] - ====关闭后台任务任务线程池====
00:34:22.711 [Thread-20] INFO  c.a.d.p.DruidDataSource - [close,2071] - {dataSource-4} closing ...
00:34:22.714 [Thread-20] INFO  c.a.d.p.DruidDataSource - [close,2144] - {dataSource-4} closed
00:34:22.902 [restartedMain] INFO  c.q.m.MESApplication - [logStarting,55] - Starting MESApplication using Java 17.0.11 on DANIEL with PID 24232 (C:\Users\75780\Desktop\歌尔\qst-mes-server-mysql\mes-admin\target\classes started by 75780 in C:\Users\75780\Desktop\歌尔\qst-mes-server-mysql)
00:34:22.903 [restartedMain] INFO  c.q.m.MESApplication - [logStartupProfileInfo,681] - The following 1 profile is active: "druid"
00:34:23.592 [restartedMain] INFO  o.a.c.h.Http11NioProtocol - [log,173] - Initializing ProtocolHandler ["http-nio-8080"]
00:34:23.592 [restartedMain] INFO  o.a.c.c.StandardService - [log,173] - Starting service [Tomcat]
00:34:23.592 [restartedMain] INFO  o.a.c.c.StandardEngine - [log,173] - Starting Servlet engine: [Apache Tomcat/9.0.60]
00:34:23.618 [restartedMain] INFO  o.a.c.c.C.[.[.[/] - [log,173] - Initializing Spring embedded WebApplicationContext
00:34:23.873 [restartedMain] INFO  c.q.m.MESApplication - [logStarting,55] - Starting MESApplication using Java 17.0.11 on DANIEL with PID 47120 (C:\Users\75780\Desktop\歌尔\qst-mes-server-mysql\mes-admin\target\classes started by 75780 in C:\Users\75780\Desktop\歌尔\qst-mes-server-mysql)
00:34:23.875 [restartedMain] INFO  c.q.m.MESApplication - [logStartupProfileInfo,681] - The following 1 profile is active: "druid"
00:34:23.875 [background-preinit] INFO  o.h.v.i.util.Version - [<clinit>,21] - HV000001: Hibernate Validator 6.2.3.Final
00:34:24.189 [restartedMain] INFO  c.a.d.p.DruidDataSource - [init,998] - {dataSource-5} inited
00:34:24.707 [restartedMain] INFO  sys-user - [shutdownAsyncManager,31] - ====关闭后台任务任务线程池====
00:34:24.709 [restartedMain] INFO  c.a.d.p.DruidDataSource - [close,2071] - {dataSource-5} closing ...
00:34:24.710 [restartedMain] INFO  c.a.d.p.DruidDataSource - [close,2144] - {dataSource-5} closed
00:34:24.814 [restartedMain] INFO  o.a.c.c.StandardService - [log,173] - Stopping service [Tomcat]
00:34:25.611 [restartedMain] INFO  o.a.c.h.Http11NioProtocol - [log,173] - Initializing ProtocolHandler ["http-nio-8080"]
00:34:25.612 [restartedMain] INFO  o.a.c.c.StandardService - [log,173] - Starting service [Tomcat]
00:34:25.612 [restartedMain] INFO  o.a.c.c.StandardEngine - [log,173] - Starting Servlet engine: [Apache Tomcat/9.0.60]
00:34:25.679 [restartedMain] INFO  o.a.c.c.C.[.[.[/] - [log,173] - Initializing Spring embedded WebApplicationContext
00:34:26.812 [restartedMain] INFO  c.a.d.p.DruidDataSource - [init,998] - {dataSource-1} inited
00:34:27.989 [restartedMain] INFO  sys-user - [shutdownAsyncManager,31] - ====关闭后台任务任务线程池====
00:34:27.991 [restartedMain] INFO  c.a.d.p.DruidDataSource - [close,2071] - {dataSource-1} closing ...
00:34:27.994 [restartedMain] INFO  c.a.d.p.DruidDataSource - [close,2144] - {dataSource-1} closed
00:34:28.109 [restartedMain] INFO  o.a.c.c.StandardService - [log,173] - Stopping service [Tomcat]
00:34:39.683 [restartedMain] INFO  c.q.m.MESApplication - [logStarting,55] - Starting MESApplication using Java 17.0.11 on DANIEL with PID 55120 (C:\Users\75780\Desktop\歌尔\qst-mes-server-mysql\mes-admin\target\classes started by 75780 in C:\Users\75780\Desktop\歌尔\qst-mes-server-mysql)
00:34:39.685 [restartedMain] INFO  c.q.m.MESApplication - [logStartupProfileInfo,681] - The following 1 profile is active: "druid"
00:34:39.693 [background-preinit] INFO  o.h.v.i.util.Version - [<clinit>,21] - HV000001: Hibernate Validator 6.2.3.Final
00:34:41.327 [restartedMain] INFO  o.a.c.h.Http11NioProtocol - [log,173] - Initializing ProtocolHandler ["http-nio-8080"]
00:34:41.327 [restartedMain] INFO  o.a.c.c.StandardService - [log,173] - Starting service [Tomcat]
00:34:41.327 [restartedMain] INFO  o.a.c.c.StandardEngine - [log,173] - Starting Servlet engine: [Apache Tomcat/9.0.60]
00:34:41.399 [restartedMain] INFO  o.a.c.c.C.[.[.[/] - [log,173] - Initializing Spring embedded WebApplicationContext
00:34:42.461 [restartedMain] INFO  c.a.d.p.DruidDataSource - [init,998] - {dataSource-1} inited
00:34:43.653 [restartedMain] INFO  sys-user - [shutdownAsyncManager,31] - ====关闭后台任务任务线程池====
00:34:43.656 [restartedMain] INFO  c.a.d.p.DruidDataSource - [close,2071] - {dataSource-1} closing ...
00:34:43.659 [restartedMain] INFO  c.a.d.p.DruidDataSource - [close,2144] - {dataSource-1} closed
00:34:43.774 [restartedMain] INFO  o.a.c.c.StandardService - [log,173] - Stopping service [Tomcat]
00:38:00.542 [restartedMain] INFO  c.q.m.MESApplication - [logStarting,55] - Starting MESApplication using Java 17.0.11 on DANIEL with PID 24232 (C:\Users\75780\Desktop\歌尔\qst-mes-server-mysql\mes-admin\target\classes started by 75780 in C:\Users\75780\Desktop\歌尔\qst-mes-server-mysql)
00:38:00.542 [restartedMain] INFO  c.q.m.MESApplication - [logStartupProfileInfo,681] - The following 1 profile is active: "druid"
00:38:00.564 [restartedMain] INFO  c.q.m.MESApplication - [logStarting,55] - Starting MESApplication using Java 17.0.11 on DANIEL with PID 2268 (C:\Users\75780\Desktop\歌尔\qst-mes-server-mysql\mes-admin\target\classes started by 75780 in C:\Users\75780\Desktop\歌尔\qst-mes-server-mysql)
00:38:00.566 [restartedMain] INFO  c.q.m.MESApplication - [logStartupProfileInfo,681] - The following 1 profile is active: "druid"
00:38:00.575 [background-preinit] INFO  o.h.v.i.util.Version - [<clinit>,21] - HV000001: Hibernate Validator 6.2.3.Final
00:38:01.197 [restartedMain] INFO  o.a.c.h.Http11NioProtocol - [log,173] - Initializing ProtocolHandler ["http-nio-8080"]
00:38:01.198 [restartedMain] INFO  o.a.c.c.StandardService - [log,173] - Starting service [Tomcat]
00:38:01.198 [restartedMain] INFO  o.a.c.c.StandardEngine - [log,173] - Starting Servlet engine: [Apache Tomcat/9.0.60]
00:38:01.220 [restartedMain] INFO  o.a.c.c.C.[.[.[/] - [log,173] - Initializing Spring embedded WebApplicationContext
00:38:01.695 [restartedMain] INFO  c.a.d.p.DruidDataSource - [init,998] - {dataSource-6} inited
00:38:02.359 [restartedMain] INFO  o.a.c.h.Http11NioProtocol - [log,173] - Initializing ProtocolHandler ["http-nio-8080"]
00:38:02.359 [restartedMain] INFO  o.a.c.c.StandardService - [log,173] - Starting service [Tomcat]
00:38:02.359 [restartedMain] INFO  o.a.c.c.StandardEngine - [log,173] - Starting Servlet engine: [Apache Tomcat/9.0.60]
00:38:02.440 [restartedMain] INFO  o.a.c.c.C.[.[.[/] - [log,173] - Initializing Spring embedded WebApplicationContext
00:38:02.728 [restartedMain] INFO  o.a.c.h.Http11NioProtocol - [log,173] - Starting ProtocolHandler ["http-nio-8080"]
00:38:02.784 [restartedMain] INFO  c.q.m.MESApplication - [logStarted,61] - Started MESApplication in 2.272 seconds (JVM running for 542.437)
00:38:02.786 [restartedMain] INFO  c.q.m.MESApplication - [main,21] - ################MES服务端启动成功################
00:38:03.601 [restartedMain] INFO  c.a.d.p.DruidDataSource - [init,998] - {dataSource-1} inited
00:38:05.613 [restartedMain] INFO  o.a.c.h.Http11NioProtocol - [log,173] - Starting ProtocolHandler ["http-nio-8080"]
00:38:05.620 [restartedMain] INFO  sys-user - [shutdownAsyncManager,31] - ====关闭后台任务任务线程池====
00:38:05.622 [restartedMain] INFO  c.a.d.p.DruidDataSource - [close,2071] - {dataSource-1} closing ...
00:38:05.630 [restartedMain] INFO  c.a.d.p.DruidDataSource - [close,2144] - {dataSource-1} closed
00:38:05.755 [restartedMain] INFO  o.a.c.h.Http11NioProtocol - [log,173] - Pausing ProtocolHandler ["http-nio-8080"]
00:38:05.755 [restartedMain] INFO  o.a.c.c.StandardService - [log,173] - Stopping service [Tomcat]
00:38:05.759 [restartedMain] INFO  o.a.c.h.Http11NioProtocol - [log,173] - Stopping ProtocolHandler ["http-nio-8080"]
00:38:05.760 [restartedMain] INFO  o.a.c.h.Http11NioProtocol - [log,173] - Destroying ProtocolHandler ["http-nio-8080"]
00:38:35.442 [SpringApplicationShutdownHook] INFO  sys-user - [shutdownAsyncManager,31] - ====关闭后台任务任务线程池====
00:38:35.444 [SpringApplicationShutdownHook] INFO  c.a.d.p.DruidDataSource - [close,2071] - {dataSource-6} closing ...
00:38:35.445 [SpringApplicationShutdownHook] INFO  c.a.d.p.DruidDataSource - [close,2144] - {dataSource-6} closed
00:38:47.707 [restartedMain] INFO  c.q.m.MESApplication - [logStarting,55] - Starting MESApplication using Java 17.0.11 on DANIEL with PID 50960 (C:\Users\75780\Desktop\歌尔\qst-mes-server-mysql\mes-admin\target\classes started by 75780 in C:\Users\75780\Desktop\歌尔\qst-mes-server-mysql)
00:38:47.709 [restartedMain] INFO  c.q.m.MESApplication - [logStartupProfileInfo,681] - The following 1 profile is active: "druid"
00:38:47.713 [background-preinit] INFO  o.h.v.i.util.Version - [<clinit>,21] - HV000001: Hibernate Validator 6.2.3.Final
00:38:49.426 [restartedMain] INFO  o.a.c.h.Http11NioProtocol - [log,173] - Initializing ProtocolHandler ["http-nio-8080"]
00:38:49.426 [restartedMain] INFO  o.a.c.c.StandardService - [log,173] - Starting service [Tomcat]
00:38:49.426 [restartedMain] INFO  o.a.c.c.StandardEngine - [log,173] - Starting Servlet engine: [Apache Tomcat/9.0.60]
00:38:49.497 [restartedMain] INFO  o.a.c.c.C.[.[.[/] - [log,173] - Initializing Spring embedded WebApplicationContext
00:38:50.583 [restartedMain] INFO  c.a.d.p.DruidDataSource - [init,998] - {dataSource-1} inited
00:38:52.522 [restartedMain] INFO  o.a.c.h.Http11NioProtocol - [log,173] - Starting ProtocolHandler ["http-nio-8080"]
00:38:52.683 [restartedMain] INFO  c.q.m.MESApplication - [logStarted,61] - Started MESApplication in 5.242 seconds (JVM running for 5.864)
00:38:52.686 [restartedMain] INFO  c.q.m.MESApplication - [main,21] - ################MES服务端启动成功################
00:39:03.132 [http-nio-8080-exec-10] INFO  o.a.c.c.C.[.[.[/] - [log,173] - Initializing Spring DispatcherServlet 'dispatcherServlet'
00:41:29.884 [Thread-5] INFO  sys-user - [shutdownAsyncManager,31] - ====关闭后台任务任务线程池====
00:41:29.886 [Thread-5] INFO  c.a.d.p.DruidDataSource - [close,2071] - {dataSource-1} closing ...
00:41:29.890 [Thread-5] INFO  c.a.d.p.DruidDataSource - [close,2144] - {dataSource-1} closed
00:41:30.074 [restartedMain] INFO  c.q.m.MESApplication - [logStarting,55] - Starting MESApplication using Java 17.0.11 on DANIEL with PID 50960 (C:\Users\75780\Desktop\歌尔\qst-mes-server-mysql\mes-admin\target\classes started by 75780 in C:\Users\75780\Desktop\歌尔\qst-mes-server-mysql)
00:41:30.074 [restartedMain] INFO  c.q.m.MESApplication - [logStartupProfileInfo,681] - The following 1 profile is active: "druid"
00:41:30.601 [restartedMain] INFO  o.a.c.h.Http11NioProtocol - [log,173] - Initializing ProtocolHandler ["http-nio-8080"]
00:41:30.601 [restartedMain] INFO  o.a.c.c.StandardService - [log,173] - Starting service [Tomcat]
00:41:30.601 [restartedMain] INFO  o.a.c.c.StandardEngine - [log,173] - Starting Servlet engine: [Apache Tomcat/9.0.60]
00:41:30.621 [restartedMain] INFO  o.a.c.c.C.[.[.[/] - [log,173] - Initializing Spring embedded WebApplicationContext
00:41:31.042 [restartedMain] INFO  c.a.d.p.DruidDataSource - [init,998] - {dataSource-2} inited
00:41:31.935 [restartedMain] INFO  o.a.c.h.Http11NioProtocol - [log,173] - Starting ProtocolHandler ["http-nio-8080"]
00:41:31.985 [restartedMain] INFO  c.q.m.MESApplication - [logStarted,61] - Started MESApplication in 1.942 seconds (JVM running for 165.165)
00:41:31.986 [restartedMain] INFO  c.q.m.MESApplication - [main,21] - ################MES服务端启动成功################
00:42:12.761 [SpringApplicationShutdownHook] INFO  sys-user - [shutdownAsyncManager,31] - ====关闭后台任务任务线程池====
00:42:12.763 [SpringApplicationShutdownHook] INFO  c.a.d.p.DruidDataSource - [close,2071] - {dataSource-2} closing ...
00:42:12.764 [SpringApplicationShutdownHook] INFO  c.a.d.p.DruidDataSource - [close,2144] - {dataSource-2} closed
